<?xml version="1.0" encoding="UTF-8"?>
<!-- Generated by org.testng.reporters.JUnitReportReporter -->
<testsuite hostname="ISW-230210-1169" failures="0" tests="1" name="Test.SignupPageTest" time="35.494" errors="0" timestamp="2023-08-06T19:03:27 WAT" skipped="0">
  <testcase classname="Test.SignupPageTest" name="signupTest" time="35.494"/>
  <system-out/>
</testsuite> <!-- Test.SignupPageTest -->
